<?xml version="1.0" encoding="UTF-8"?>
<!-- Generated by org.testng.reporters.JUnitReportReporter -->
<testsuite hostname="LAPTOP-L6Q3KUHG" failures="0" tests="5" name="testng.Product" time="23.909" errors="0" timestamp="2023-06-15T19:42:31 GST" skipped="1">
  <testcase classname="testng.Product" name="loginSite" time="4.074"/>
  <system-out/>
  <testcase classname="testng.Product" name="productTab" time="6.359"/>
  <system-out/>
  <testcase classname="testng.Product" name="productUnitEdit" time="1.056"/>
  <system-out/>
  <testcase classname="testng.Product" name="productUnitDelete" time="9.852">
    <skipped/>
  </testcase> <!-- productUnitDelete -->
  <system-out/>
  <testcase classname="testng.Product" name="productUnitDelete" time="2.568"/>
  <system-out/>
</testsuite> <!-- testng.Product -->
