<?xml version="1.0" encoding="UTF-8"?>
<!-- Generated by org.testng.reporters.JUnitReportReporter -->
<testsuite hostname="LAPTOP-L6Q3KUHG" failures="0" tests="4" name="testng.ProductBrands" time="24.861" errors="0" timestamp="2023-06-21T14:03:47 GST" skipped="0">
  <testcase classname="testng.ProductBrands" name="loginSite" time="4.310"/>
  <system-out/>
  <testcase classname="testng.ProductBrands" name="prductBrands" time="7.371"/>
  <system-out/>
  <testcase classname="testng.ProductBrands" name="brandEdit" time="7.597"/>
  <system-out/>
  <testcase classname="testng.ProductBrands" name="brandDelete" time="5.583"/>
  <system-out/>
</testsuite> <!-- testng.ProductBrands -->
