<?xml version="1.0" encoding="UTF-8"?>
<!-- Generated by org.testng.reporters.JUnitReportReporter -->
<testsuite hostname="LAPTOP-L6Q3KUHG" failures="0" tests="4" name="testng.ProductUnit" time="25.547" errors="0" timestamp="2023-06-21T14:07:24 GST" skipped="0">
  <testcase classname="testng.ProductUnit" name="loginSite" time="7.208"/>
  <system-out/>
  <testcase classname="testng.ProductUnit" name="productTab" time="8.059"/>
  <system-out/>
  <testcase classname="testng.ProductUnit" name="productUnitEdit" time="1.156"/>
  <system-out/>
  <testcase classname="testng.ProductUnit" name="productUnitDelete" time="9.124"/>
  <system-out/>
</testsuite> <!-- testng.ProductUnit -->
