<?xml version="1.0" encoding="UTF-8"?>
<!-- Generated by org.testng.reporters.JUnitReportReporter -->
<testsuite hostname="LAPTOP-L6Q3KUHG" failures="0" tests="1" name="testng.LoginPage" time="4.522" errors="0" timestamp="2023-06-21T14:08:06 GST" skipped="0">
  <testcase classname="testng.LoginPage" name="loginSite" time="4.522"/>
  <system-out/>
</testsuite> <!-- testng.LoginPage -->
